<?xml version="1.0" encoding="UTF-8"?>
<testng-results skipped="0" failed="0" ignored="0" total="2" passed="2">
  <reporter-output>
  </reporter-output>
  <suite name="Default suite" duration-ms="34603" started-at="2021-03-05T11:16:23 IST" finished-at="2021-03-05T11:16:58 IST">
    <groups>
    </groups>
    <test name="Default test" duration-ms="34603" started-at="2021-03-05T11:16:23 IST" finished-at="2021-03-05T11:16:58 IST">
      <class name="Test_001">
        <test-method status="PASS" signature="startBrowser()[pri:0, instance:Test_001@1dfe2924]" name="startBrowser" is-config="true" duration-ms="10406" started-at="2021-03-05T11:16:23 IST" finished-at="2021-03-05T11:16:34 IST">
          <reporter-output>
          </reporter-output>
        </test-method> <!-- startBrowser -->
        <test-method status="PASS" signature="login_test()[pri:1, instance:Test_001@1dfe2924]" name="login_test" duration-ms="13142" started-at="2021-03-05T11:16:34 IST" finished-at="2021-03-05T11:16:47 IST">
          <reporter-output>
          </reporter-output>
        </test-method> <!-- login_test -->
        <test-method status="PASS" signature="startBrowser()[pri:0, instance:Test_001@1dfe2924]" name="startBrowser" is-config="true" duration-ms="8699" started-at="2021-03-05T11:16:47 IST" finished-at="2021-03-05T11:16:56 IST">
          <reporter-output>
          </reporter-output>
        </test-method> <!-- startBrowser -->
        <test-method status="PASS" signature="registration_test()[pri:2, instance:Test_001@1dfe2924]" name="registration_test" duration-ms="2302" started-at="2021-03-05T11:16:56 IST" finished-at="2021-03-05T11:16:58 IST">
          <reporter-output>
          </reporter-output>
        </test-method> <!-- registration_test -->
      </class> <!-- Test_001 -->
    </test> <!-- Default test -->
  </suite> <!-- Default suite -->
</testng-results>
